<?xml version="1.0" encoding="UTF-8"?>
<!-- Generated by org.testng.reporters.JUnitReportReporter -->
<testsuite skipped="0" hostname="LE1481" name="utilss.TestUtils" tests="4" failures="0" timestamp="2020-07-02T15:42:00 IST" time="30.958" errors="0">
  <testcase name="test1" time="1.514" classname="utilss.TestUtils"/>
  <system-out/>
  <testcase name="test1" time="2.524" classname="utilss.TestUtils"/>
  <system-out/>
  <testcase name="test1" time="21.152" classname="utilss.TestUtils"/>
  <system-out/>
  <testcase name="test1" time="5.768" classname="utilss.TestUtils"/>
  <system-out/>
</testsuite> <!-- utilss.TestUtils -->
