<?xml version="1.0" encoding="UTF-8"?>
<!-- Generated by org.testng.reporters.JUnitReportReporter -->
<testsuite skipped="0" hostname="LE1481" name="Scripts.TestNGcumExtentReports" tests="1" failures="0" timestamp="2020-06-30T06:18:11 IST" time="4.470" errors="0">
  <testcase name="search" time="4.470" classname="Scripts.TestNGcumExtentReports"/>
  <system-out/>
</testsuite> <!-- Scripts.TestNGcumExtentReports -->
