<?xml version="1.0" encoding="UTF-8"?>
<!-- Generated by org.testng.reporters.JUnitReportReporter -->
<testsuite skipped="0" hostname="LE1481" name="Scripts.GoogleSearch_TestNG" tests="1" failures="0" timestamp="2020-06-28T11:41:37 IST" time="7.798" errors="0">
  <testcase name="search" time="7.798" classname="Scripts.GoogleSearch_TestNG"/>
  <system-out/>
</testsuite> <!-- Scripts.GoogleSearch_TestNG -->
