<?xml version="1.0" encoding="UTF-8"?>
<!-- Generated by org.testng.reporters.JUnitReportReporter -->
<testsuite skipped="0" hostname="LE1481" name="Scripts.Excel_DataProvider" tests="4" failures="0" timestamp="2020-07-02T15:45:56 IST" time="12.622" errors="0">
  <testcase name="test1" time="1.192" classname="Scripts.Excel_DataProvider"/>
  <system-out/>
  <testcase name="test1" time="0.595" classname="Scripts.Excel_DataProvider"/>
  <system-out/>
  <testcase name="test1" time="8.876" classname="Scripts.Excel_DataProvider"/>
  <system-out/>
  <testcase name="test1" time="1.959" classname="Scripts.Excel_DataProvider"/>
  <system-out/>
</testsuite> <!-- Scripts.Excel_DataProvider -->
