<?xml version="1.0" encoding="UTF-8"?>
<!-- Generated by org.testng.reporters.JUnitReportReporter -->
<testsuite skipped="0" hostname="LE1481" name="Scripts.ExcelRead_DataProvider" tests="4" failures="0" timestamp="2020-07-03T07:13:23 IST" time="6.276" errors="0">
  <testcase name="test1" time="0.545" classname="Scripts.ExcelRead_DataProvider"/>
  <system-out/>
  <testcase name="test1" time="0.680" classname="Scripts.ExcelRead_DataProvider"/>
  <system-out/>
  <testcase name="test1" time="3.863" classname="Scripts.ExcelRead_DataProvider"/>
  <system-out/>
  <testcase name="test1" time="1.188" classname="Scripts.ExcelRead_DataProvider"/>
  <system-out/>
</testsuite> <!-- Scripts.ExcelRead_DataProvider -->
