<?xml version="1.0" encoding="UTF-8"?>
<!-- Generated by org.testng.reporters.JUnitReportReporter -->
<testsuite skipped="0" hostname="LE1481" name="Scripts.TestNG_GoogleSearch" tests="1" failures="0" timestamp="2020-07-08T12:45:17 IST" time="3.614" errors="0">
  <testcase name="search" time="3.614" classname="Scripts.TestNG_GoogleSearch"/>
  <system-out/>
</testsuite> <!-- Scripts.TestNG_GoogleSearch -->
