<?xml version="1.0" encoding="UTF-8"?>
<!-- Generated by org.testng.reporters.JUnitReportReporter -->
<testsuite skipped="0" hostname="LE1481" name="Scripts.Excel_DataProvider2" tests="4" failures="0" timestamp="2020-07-02T15:44:22 IST" time="25.466" errors="0">
  <testcase name="test1" time="2.305" classname="Scripts.Excel_DataProvider2"/>
  <system-out/>
  <testcase name="test1" time="1.204" classname="Scripts.Excel_DataProvider2"/>
  <system-out/>
  <testcase name="test1" time="19.843" classname="Scripts.Excel_DataProvider2"/>
  <system-out/>
  <testcase name="test1" time="2.114" classname="Scripts.Excel_DataProvider2"/>
  <system-out/>
</testsuite> <!-- Scripts.Excel_DataProvider2 -->
