<?xml version="1.0" encoding="UTF-8"?>
<!-- Generated by org.testng.reporters.JUnitReportReporter -->
<testsuite skipped="0" hostname="LE1481" name="Scripts.Dependencies_TestNG" tests="2" failures="0" timestamp="2020-07-05T19:04:40 IST" time="0.008" errors="0">
  <testcase name="test2" time="0.007" classname="Scripts.Dependencies_TestNG"/>
  <system-out/>
  <testcase name="test1" time="0.001" classname="Scripts.Dependencies_TestNG"/>
  <system-out/>
</testsuite> <!-- Scripts.Dependencies_TestNG -->
