<?xml version="1.0" encoding="UTF-8"?>
<!-- Generated by org.testng.reporters.JUnitReportReporter -->
<testsuite skipped="0" hostname="LE1481" name="Scripts.HeadlessChrome" tests="1" failures="0" timestamp="2020-07-07T07:04:38 IST" time="2.099" errors="0">
  <testcase name="search" time="2.099" classname="Scripts.HeadlessChrome"/>
  <system-out/>
</testsuite> <!-- Scripts.HeadlessChrome -->
