<?xml version="1.0" encoding="UTF-8"?>
<!-- Generated by org.testng.reporters.JUnitReportReporter -->
<testsuite skipped="0" hostname="LE1481" name="Scripts.GroupsTestNG" tests="1" failures="0" timestamp="2020-07-04T16:58:46 IST" time="0.006" errors="0">
  <testcase name="test2" time="0.006" classname="Scripts.GroupsTestNG"/>
  <system-out/>
</testsuite> <!-- Scripts.GroupsTestNG -->
